  1000.000    29.095    20.227    -0.000     0.787    -1.752    -1.394     2.688     0.000     0.000     0.000     0.000     0.000     0.000   360.614     0.000   0.00E+00    -2.778     0.481   302.261
   975.000    26.913    20.020     0.000     0.872    -1.251    -1.639     2.029     0.000     9.575     0.000    -4.541     0.000     0.000   360.614     0.000   0.00E+00    -2.780     0.501   300.095
   950.000    24.796    19.949     0.000     0.970     5.602    -1.185    -3.087     0.000     9.575     0.000    -9.082     0.000     0.000   360.613     0.000   0.00E+00    -5.634     0.515   297.890
   925.000    24.543    17.118    -0.563     0.815     1.723    -1.714     0.000     0.000     9.575     0.000    -4.709     0.000     1.772   354.125     0.000   0.14E-01    -3.057     0.527   296.613
   900.000    23.278    15.980    -0.292     0.799     1.408    -1.399     0.000     0.000     9.078    -1.772    -5.989     1.472     0.844   351.863     0.000   0.00E+00    -2.561     0.547   295.685
   875.000    22.134    14.908    -0.190     0.777     1.365    -1.356     0.000     0.000     8.629    -1.145    -5.270     0.930     0.732   349.983     0.000   0.00E+00    -1.964     0.567   294.727
   850.000    20.949    13.985    -0.111     0.762     1.282    -1.272     0.000     0.000     8.218    -0.947    -5.072     0.797     0.641   348.564     0.000   0.00E+00    -1.529     0.586   293.738
   825.000    19.720    13.166    -0.045     0.752     1.221    -1.210     0.000     0.000     7.855    -0.791    -4.876     0.699     0.486   347.469     0.000   0.00E+00    -1.212     0.603   292.716
   800.000    18.444    12.459     0.008     0.748     1.166    -1.155     0.000     0.000     7.524    -0.594    -4.666     0.625     0.656   346.717     0.000   0.00E+00    -1.003     0.618   291.657
   775.000    17.095    11.774     0.087     0.746     1.117    -1.106     0.000     0.000     7.193    -0.656    -4.521     0.723     0.667   346.027     0.001   0.71E-01    -0.825     0.632   290.560
   750.000    15.709    11.037     0.166     0.740     1.150    -1.139     0.000     0.000     6.794    -0.667    -4.340     0.704     0.589   345.233     0.004   0.31E+00    -0.598     0.641   289.420
   725.000    14.326    10.217     0.205     0.724     1.074    -1.062     0.000     0.000     6.384    -0.589    -4.165     0.635     0.546   344.264     0.001   0.26E+00    -0.287     0.647   288.234
   700.000    12.901     9.278     0.253     0.697     1.058    -1.047     0.000     0.000     5.951    -0.546    -4.089     0.591     0.486   342.989     0.001   0.22E+00     0.143     0.648   286.999
   675.000    11.482     8.158     0.264     0.648     1.059    -1.048     0.000     0.000     5.509    -0.486    -3.938     0.526     0.000   341.281     0.001   0.18E+00     0.772     0.646   285.708
   650.000    10.114     7.267     0.119     0.608     1.081    -1.070     0.000     0.000     5.456     0.000    -3.636     0.361     0.108   340.368     0.001   0.17E+00     1.085     0.642   284.357
   625.000     8.603     6.553     0.019     0.583     1.076    -1.065     0.000     0.000     5.409     0.000    -3.534     0.318     0.096   339.913     0.001   0.15E+00     1.252     0.638   282.939
   600.000     6.981     5.983    -0.073     0.568     1.107    -1.097     0.000     0.000     5.358     0.000    -3.332     0.341     0.102   339.857     0.001   0.14E+00     1.267     0.636   281.449
   575.000     5.243     5.521    -0.153     0.564     1.158    -1.148     0.000     0.000     5.314     0.000    -3.122     0.375     0.102   340.104     0.001   0.12E+00     1.127     0.628   279.876
   550.000     3.362     5.143    -0.207     0.567     1.225    -1.215     0.000     0.000     5.277     0.000    -2.962     0.401     0.102   340.546     0.001   0.11E+00     0.967     0.614   278.212
   525.000     1.350     4.669    -0.191     0.572     1.262    -1.249     0.000     0.000     5.298     0.000    -2.999     0.398     0.046   340.921     0.000   0.72E-01     0.908     0.593   276.446
   500.000    -0.991     4.265     0.006     0.599     1.161    -1.148     0.000     0.000     5.355     0.000    -3.538     0.323     0.000   341.277     0.000   0.23E-01     0.902     0.573   274.562
   475.000    -3.107     3.638    -0.048     0.594     1.259    -1.246     0.000     0.000     4.915     0.000    -2.528     0.285     0.502   341.578     0.003   0.14E+00     0.893     0.569   272.634
   450.000    -5.469     3.235     0.007     0.597     1.694    -1.680     0.000     0.000     4.978     0.000    -1.910     0.277     0.000   341.984     0.009   0.28E+00     0.866     0.544   270.611
   425.000    -7.993     2.956     0.010     0.643     1.989    -1.974     0.000     0.000     4.862     0.000    -1.450     0.272     0.186   343.045     0.014   0.30E+00     0.565     0.534   268.400
   400.000   -10.619     2.240    -0.019     0.603     1.714    -1.700     0.000     0.000     3.759     0.000    -1.155     0.183     1.155   343.194     0.011   0.31E+00     0.561     0.511   265.967
   375.000   -13.393     1.506    -0.099     0.512     1.593    -1.579     0.000     0.000     3.518     0.000    -0.802     0.190     0.299   343.196     0.010   0.31E+00     0.627     0.443   263.268
   350.000   -16.455     1.041    -0.173     0.500     1.480    -1.462     0.000     0.000     3.105     0.000    -0.588     0.215     0.485   344.061     0.011   0.32E+00     0.522     0.417   260.249
   325.000   -19.958     0.807    -0.285     0.420     1.166    -1.145     0.000     0.000     3.203     0.000    -0.426     0.259     0.000   344.682     0.020   0.29E+00     0.494     0.374   256.842
   300.000   -24.205     0.753    -0.119     0.546     1.430    -1.407     0.000     0.000     3.244     0.000    -0.235     0.250     0.073   345.986     0.034   0.26E+00     0.288     0.352   252.969
   275.000   -28.838     0.750    -0.150     0.752     1.444    -1.419     0.000     0.000     2.936     0.000    -0.086     0.291     0.464   347.390     0.021   0.24E+00     0.108     0.331   248.522
   250.000   -33.919     0.608    -0.390     0.896     0.954    -0.931     0.000     0.000     1.889     0.000    -0.049     0.503     1.379   348.506     0.032   0.21E+00     0.030     0.287   243.386
   225.000   -39.434     0.073    -0.793     0.194     0.385    -0.360     0.000     0.000     2.557     0.000    -0.077     0.903     0.000   348.708     0.046   0.17E+00     0.138     0.173   237.437
   200.000   -46.617     0.054    -0.417     0.297     0.284    -0.259     0.000     0.000     2.997     0.000    -0.059     0.868     0.252   349.204     0.057   0.12E+00     0.059     0.130   230.607
   175.000   -54.769     0.040    -0.006     0.544     0.843    -0.819     0.000     0.000     3.566     0.000    -0.029     0.815     0.129   349.498     0.083   0.62E-01     0.001     0.097   222.797
   150.000   -63.516     0.027    -0.033     0.995     0.423    -0.401     0.000     0.000     0.106     0.000    -0.000     0.000     3.460   350.107     0.131   0.60E-02     0.000     0.074   213.873
   125.000   -59.600     0.004    -4.000     0.074    -0.164     0.197     0.000     0.000     0.000     0.000    -0.000     0.000     0.106   364.835     0.042   0.20E-02     0.000     0.021   202.870
   100.000   -55.265     0.001    -4.000     0.008     0.000     0.024     0.000     0.000     0.000     0.000     0.000     0.000     0.000   382.903     0.000   0.00E+00     0.000     0.000   189.086
    80.000   -53.812     0.001    -4.000     0.005     0.000     0.018     0.000     0.000     0.000     0.000     0.000     0.000     0.000   398.242     0.000   0.00E+00     0.000     0.000   175.181
    60.000   -51.490     0.001    -4.000     0.003     0.000     0.014     0.000     0.000     0.000     0.000     0.000     0.000     0.000   418.570     0.000   0.00E+00     0.000     0.000   157.131
    40.000   -49.309     0.001    -4.000     0.002     0.000     0.010     0.000     0.000     0.000     0.000     0.000     0.000     0.000   446.193     0.000   0.00E+00     0.000     0.000   131.636
    30.000   -49.616     0.001    -4.000     0.001     0.000     0.007     0.000     0.000     0.000     0.000     0.000     0.000     0.000   464.132     0.000   0.00E+00     0.000     0.000   113.404
    25.000   -50.884     0.001    -4.000     0.001     0.000     0.005     0.000     0.000     0.000     0.000     0.000     0.000     0.000   474.430     0.000   0.00E+00     0.000     0.000     0.000
    20.000   -51.991     0.001     0.000     0.001     0.000     0.005     0.000     0.000     0.000     0.000     0.000     0.000     0.000   487.390     0.000   0.00E+00     0.000     0.000     0.000
    15.000   -53.049     0.001     0.000     0.001     0.000     0.003     0.000     0.000     0.000     0.000     0.000     0.000     0.000   504.325     0.000   0.00E+00     0.000     0.000     0.000
    10.000   -54.699     0.001     0.000     0.001     0.000     0.003     0.000     0.000     0.000     0.000     0.000     0.000     0.000   527.724     0.000   0.00E+00     0.000     0.000     0.000
     5.000   -55.859     0.001     0.000     0.000     0.000    -0.001     0.000     0.000     0.000     0.000     0.000     0.000     0.000   568.020     0.000   0.00E+00    -0.001     0.000     0.000
